0 info it worked if it ends with ok
1 verbose cli [ '/Users/Robert.C.Alfredson@ibm.com/.nvm/versions/node/v6.11.3/bin/node',
1 verbose cli   '/Users/Robert.C.Alfredson@ibm.com/.nvm/versions/node/v6.11.3/bin/npm',
1 verbose cli   'run-script',
1 verbose cli   'gulp' ]
2 info using npm@3.10.10
3 info using node@v6.11.3
4 verbose run-script [ 'pregulp', 'gulp', 'postgulp' ]
5 info lifecycle turtle@1.0.0~pregulp: turtle@1.0.0
6 silly lifecycle turtle@1.0.0~pregulp: no script for pregulp, continuing
7 info lifecycle turtle@1.0.0~gulp: turtle@1.0.0
8 verbose lifecycle turtle@1.0.0~gulp: unsafe-perm in lifecycle true
9 verbose lifecycle turtle@1.0.0~gulp: PATH: /Users/Robert.C.Alfredson@ibm.com/.nvm/versions/node/v6.11.3/lib/node_modules/npm/bin/node-gyp-bin:/Users/Robert.C.Alfredson@ibm.com/Documents/GitHub/turtle/node_modules/.bin:/Users/Robert.C.Alfredson@ibm.com/.nvm/versions/node/v6.11.3/bin:/Users/Robert.C.Alfredson@ibm.com/relax:/Users/Robert.C.Alfredson@ibm.com/.gem/ruby/2.0.0/bin:/usr/local/bin:/usr/bin:/bin:/usr/sbin:/sbin:/Library/Frameworks/Mono.framework/Versions/Current/Commands:/Users/Robert.C.Alfredson@ibm.com/.rvm/bin:/Users/Robert.C.Alfredson@ibm.com/.rvm/bin
10 verbose lifecycle turtle@1.0.0~gulp: CWD: /Users/Robert.C.Alfredson@ibm.com/Documents/GitHub/turtle
11 silly lifecycle turtle@1.0.0~gulp: Args: [ '-c', 'gulp' ]
12 silly lifecycle turtle@1.0.0~gulp: Returned: code: 1  signal: null
13 info lifecycle turtle@1.0.0~gulp: Failed to exec gulp script
14 verbose stack Error: turtle@1.0.0 gulp: `gulp`
14 verbose stack Exit status 1
14 verbose stack     at EventEmitter.<anonymous> (/Users/Robert.C.Alfredson@ibm.com/.nvm/versions/node/v6.11.3/lib/node_modules/npm/lib/utils/lifecycle.js:255:16)
14 verbose stack     at emitTwo (events.js:106:13)
14 verbose stack     at EventEmitter.emit (events.js:191:7)
14 verbose stack     at ChildProcess.<anonymous> (/Users/Robert.C.Alfredson@ibm.com/.nvm/versions/node/v6.11.3/lib/node_modules/npm/lib/utils/spawn.js:40:14)
14 verbose stack     at emitTwo (events.js:106:13)
14 verbose stack     at ChildProcess.emit (events.js:191:7)
14 verbose stack     at maybeClose (internal/child_process.js:920:16)
14 verbose stack     at Process.ChildProcess._handle.onexit (internal/child_process.js:230:5)
15 verbose pkgid turtle@1.0.0
16 verbose cwd /Users/Robert.C.Alfredson@ibm.com/Documents/GitHub/turtle
17 error Darwin 16.7.0
18 error argv "/Users/Robert.C.Alfredson@ibm.com/.nvm/versions/node/v6.11.3/bin/node" "/Users/Robert.C.Alfredson@ibm.com/.nvm/versions/node/v6.11.3/bin/npm" "run-script" "gulp"
19 error node v6.11.3
20 error npm  v3.10.10
21 error code ELIFECYCLE
22 error turtle@1.0.0 gulp: `gulp`
22 error Exit status 1
23 error Failed at the turtle@1.0.0 gulp script 'gulp'.
23 error Make sure you have the latest version of node.js and npm installed.
23 error If you do, this is most likely a problem with the turtle package,
23 error not with npm itself.
23 error Tell the author that this fails on your system:
23 error     gulp
23 error You can get information on how to open an issue for this project with:
23 error     npm bugs turtle
23 error Or if that isn't available, you can get their info via:
23 error     npm owner ls turtle
23 error There is likely additional logging output above.
24 verbose exit [ 1, true ]
